mode: set
_/home/vpirtan/GoHomework/src/server/server.go:13.13,19.16 6 1
_/home/vpirtan/GoHomework/src/server/server.go:23.2,28.6 4 1
_/home/vpirtan/GoHomework/src/server/server.go:19.16,22.3 2 0
_/home/vpirtan/GoHomework/src/server/server.go:28.6,30.17 2 1
_/home/vpirtan/GoHomework/src/server/server.go:33.3,33.28 1 1
_/home/vpirtan/GoHomework/src/server/server.go:30.17,32.4 1 0
_/home/vpirtan/GoHomework/src/server/server.go:37.38,43.6 6 1
_/home/vpirtan/GoHomework/src/server/server.go:43.6,45.17 2 1
_/home/vpirtan/GoHomework/src/server/server.go:50.3,51.22 2 1
_/home/vpirtan/GoHomework/src/server/server.go:75.3,76.23 2 1
_/home/vpirtan/GoHomework/src/server/server.go:45.17,48.4 2 1
_/home/vpirtan/GoHomework/src/server/server.go:52.14,53.26 1 1
_/home/vpirtan/GoHomework/src/server/server.go:59.14,60.26 1 1
_/home/vpirtan/GoHomework/src/server/server.go:65.14,66.26 1 1
_/home/vpirtan/GoHomework/src/server/server.go:72.11,73.63 1 0
_/home/vpirtan/GoHomework/src/server/server.go:53.26,56.5 2 1
_/home/vpirtan/GoHomework/src/server/server.go:56.10,58.5 1 0
_/home/vpirtan/GoHomework/src/server/server.go:60.26,62.5 1 1
_/home/vpirtan/GoHomework/src/server/server.go:62.10,64.5 1 0
_/home/vpirtan/GoHomework/src/server/server.go:66.26,69.5 2 1
_/home/vpirtan/GoHomework/src/server/server.go:69.10,71.5 1 0
_/home/vpirtan/GoHomework/src/client/client.go:11.13,21.23 10 0
_/home/vpirtan/GoHomework/src/client/client.go:25.9,29.13 5 0
_/home/vpirtan/GoHomework/src/client/client.go:21.23,24.10 2 0
_/home/vpirtan/GoHomework/src/client/client.go:29.13,32.31 3 0
_/home/vpirtan/GoHomework/src/client/client.go:35.17,35.34 1 0
_/home/vpirtan/GoHomework/src/client/client.go:43.17,44.31 2 0
_/home/vpirtan/GoHomework/src/client/client.go:47.17,47.33 1 0
_/home/vpirtan/GoHomework/src/client/client.go:32.31,34.18 1 0
_/home/vpirtan/GoHomework/src/client/client.go:35.34,37.49 2 0
_/home/vpirtan/GoHomework/src/client/client.go:41.25,41.45 1 0
_/home/vpirtan/GoHomework/src/client/client.go:37.49,40.26 2 0
_/home/vpirtan/GoHomework/src/client/client.go:44.31,46.18 1 0
